[0.420s] Invoking command in '/home/keyur/empm809y_cpp/Cpp_projects/ROS2learn/rosprac809_ws/build/my_first_package': CMAKE_PREFIX_PATH=${CMAKE_PREFIX_PATH}:/opt/ros/galactic /usr/bin/cmake --build /home/keyur/empm809y_cpp/Cpp_projects/ROS2learn/rosprac809_ws/build/my_first_package -- -j8 -l8
[1.118s] -- Found ament_cmake: 1.1.6 (/opt/ros/galactic/share/ament_cmake/cmake)
[1.215s] -- Using PYTHON_EXECUTABLE: /usr/bin/python3
[1.638s] -- Found rclcpp: 9.2.2 (/opt/ros/galactic/share/rclcpp/cmake)
[1.847s] -- Using all available rosidl_typesupport_c: rosidl_typesupport_fastrtps_c;rosidl_typesupport_introspection_c
[1.855s] -- Found rosidl_adapter: 2.2.3 (/opt/ros/galactic/share/rosidl_adapter/cmake)
[2.359s] -- Using all available rosidl_typesupport_cpp: rosidl_typesupport_fastrtps_cpp;rosidl_typesupport_introspection_cpp
[2.502s] -- Found rmw_implementation_cmake: 3.3.1 (/opt/ros/galactic/share/rmw_implementation_cmake/cmake)
[2.505s] -- Found rmw_cyclonedds_cpp: 0.22.6 (/opt/ros/galactic/share/rmw_cyclonedds_cpp/cmake)
[2.624s] -- Using RMW implementation 'rmw_cyclonedds_cpp' as default
[3.133s] -- Found ament_lint_auto: 0.10.7 (/opt/ros/galactic/share/ament_lint_auto/cmake)
[3.453s] -- Added test 'copyright' to check source files copyright and LICENSE
[3.471s] -- Added test 'cppcheck' to perform static code analysis on C / C++ code
[3.472s] -- Configured cppcheck include dirs: /home/keyur/empm809y_cpp/Cpp_projects/ROS2learn/rosprac809_ws/src/my_first_package/include/my_first_package;/home/keyur/empm809y_cpp/Cpp_projects/ROS2learn/rosprac809_ws/src/my_first_package/include/light_switcher_pub
[3.473s] -- Configured cppcheck exclude dirs and/or files: 
[3.478s] -- Added test 'cpplint' to check C / C++ code against the Google style
[3.479s] -- Configured cpplint exclude dirs and/or files: 
[3.506s] -- Added test 'lint_cmake' to check CMake code style
[3.513s] -- Added test 'uncrustify' to check C / C++ code style
[3.513s] -- Configured uncrustify additional arguments: 
[3.527s] -- Added test 'xmllint' to check XML markup files
[3.542s] -- Configuring done
[3.636s] -- Generating done
[3.639s] -- Build files have been written to: /home/keyur/empm809y_cpp/Cpp_projects/ROS2learn/rosprac809_ws/build/my_first_package
[3.682s] [35m[1mScanning dependencies of target light_switcher_pub[0m
[3.711s] [35m[1mScanning dependencies of target hello[0m
[3.798s] [ 25%] [32mBuilding CXX object CMakeFiles/hello.dir/src/my_first_package.cpp.o[0m
[3.822s] [ 50%] [32mBuilding CXX object CMakeFiles/light_switcher_pub.dir/src/light_switcher_pub.cpp.o[0m
[7.807s] [01m[K/home/keyur/empm809y_cpp/Cpp_projects/ROS2learn/rosprac809_ws/src/my_first_package/src/light_switcher_pub.cpp:[m[K In function â€˜[01m[Kint main(int, char**)[m[Kâ€™:
[7.808s] [01m[K/home/keyur/empm809y_cpp/Cpp_projects/ROS2learn/rosprac809_ws/src/my_first_package/src/light_switcher_pub.cpp:6:27:[m[K [01;31m[Kerror: [m[Kno matching function for call to â€˜[01m[Krclcpp::Node::Node(int&, char**&)[m[Kâ€™
[7.809s]     6 |     rclcpp::Node(argc,argv[01;31m[K)[m[K;
[7.810s]       |                           [01;31m[K^[m[K
[7.810s] In file included from [01m[K/opt/ros/galactic/include/rclcpp/executors/single_threaded_executor.hpp:28[m[K,
[7.810s]                  from [01m[K/opt/ros/galactic/include/rclcpp/executors.hpp:22[m[K,
[7.810s]                  from [01m[K/opt/ros/galactic/include/rclcpp/rclcpp.hpp:156[m[K,
[7.810s]                  from [01m[K/home/keyur/empm809y_cpp/Cpp_projects/ROS2learn/rosprac809_ws/src/my_first_package/src/light_switcher_pub.cpp:3[m[K:
[7.811s] [01m[K/opt/ros/galactic/include/rclcpp/node.hpp:1302:3:[m[K [01;36m[Knote: [m[Kcandidate: â€˜[01m[Krclcpp::Node::Node(const rclcpp::Node&, const string&)[m[Kâ€™
[7.811s]  1302 |   [01;36m[KNode[m[K(
[7.811s]       |   [01;36m[K^~~~[m[K
[7.811s] [01m[K/opt/ros/galactic/include/rclcpp/node.hpp:1303:18:[m[K [01;36m[Knote: [m[K  no known conversion for argument 1 from â€˜[01m[Kint[m[Kâ€™ to â€˜[01m[Kconst rclcpp::Node&[m[Kâ€™
[7.811s]  1303 |     [01;36m[Kconst Node & other[m[K,
[7.812s]       |     [01;36m[K~~~~~~~~~~~~~^~~~~[m[K
[7.812s] [01m[K/opt/ros/galactic/include/rclcpp/node.hpp:101:12:[m[K [01;36m[Knote: [m[Kcandidate: â€˜[01m[Krclcpp::Node::Node(const string&, const string&, const rclcpp::NodeOptions&)[m[Kâ€™
[7.812s]   101 |   explicit [01;36m[KNode[m[K(
[7.812s]       |            [01;36m[K^~~~[m[K
[7.812s] [01m[K/opt/ros/galactic/include/rclcpp/node.hpp:102:25:[m[K [01;36m[Knote: [m[K  no known conversion for argument 1 from â€˜[01m[Kint[m[Kâ€™ to â€˜[01m[Kconst string&[m[Kâ€™ {aka â€˜[01m[Kconst std::__cxx11::basic_string<char>&[m[Kâ€™}
[7.813s]   102 |     [01;36m[Kconst std::string & node_name[m[K,
[7.813s]       |     [01;36m[K~~~~~~~~~~~~~~~~~~~~^~~~~~~~~[m[K
[7.813s] [01m[K/opt/ros/galactic/include/rclcpp/node.hpp:89:12:[m[K [01;36m[Knote: [m[Kcandidate: â€˜[01m[Krclcpp::Node::Node(const string&, const rclcpp::NodeOptions&)[m[Kâ€™
[7.813s]    89 |   explicit [01;36m[KNode[m[K(
[7.813s]       |            [01;36m[K^~~~[m[K
[7.813s] [01m[K/opt/ros/galactic/include/rclcpp/node.hpp:90:25:[m[K [01;36m[Knote: [m[K  no known conversion for argument 1 from â€˜[01m[Kint[m[Kâ€™ to â€˜[01m[Kconst string&[m[Kâ€™ {aka â€˜[01m[Kconst std::__cxx11::basic_string<char>&[m[Kâ€™}
[7.814s]    90 |     [01;36m[Kconst std::string & node_name[m[K,
[7.814s]       |     [01;36m[K~~~~~~~~~~~~~~~~~~~~^~~~~~~~~[m[K
[7.814s] [01m[K/home/keyur/empm809y_cpp/Cpp_projects/ROS2learn/rosprac809_ws/src/my_first_package/src/light_switcher_pub.cpp:7:32:[m[K [01;31m[Kerror: [m[Kâ€˜[01m[Kdemo[m[Kâ€™ was not declared in this scope
[7.814s]     7 |     auto node=std::make_shared<[01;31m[Kdemo[m[K::LightSwitcherPub>("light_switcher_pub");
[7.814s]       |                                [01;31m[K^~~~[m[K
[7.814s] [01m[K/home/keyur/empm809y_cpp/Cpp_projects/ROS2learn/rosprac809_ws/src/my_first_package/src/light_switcher_pub.cpp:7:20:[m[K [01;31m[Kerror: [m[Kparse error in template argument list
[7.815s]     7 |     auto node=std::[01;31m[Kmake_shared<demo::LightSwitcherPub>[m[K("light_switcher_pub");
[7.815s]       |                    [01;31m[K^~~~~~~~~~~~~~~~~~~~~~~~~~~~~~~~~~~[m[K
[7.815s] [01m[K/home/keyur/empm809y_cpp/Cpp_projects/ROS2learn/rosprac809_ws/src/my_first_package/src/light_switcher_pub.cpp:7:76:[m[K [01;31m[Kerror: [m[Kno matching function for call to â€˜[01m[Kmake_shared<<expression error> >(const char [19])[m[Kâ€™
[7.815s]     7 |     auto node=std::make_shared<demo::LightSwitcherPub>("light_switcher_pub"[01;31m[K)[m[K;
[7.815s]       |                                                                            [01;31m[K^[m[K
[7.816s] In file included from [01m[K/usr/include/c++/9/memory:81[m[K,
[7.816s]                  from [01m[K/opt/ros/galactic/include/rclcpp/rclcpp.hpp:154[m[K,
[7.816s]                  from [01m[K/home/keyur/empm809y_cpp/Cpp_projects/ROS2learn/rosprac809_ws/src/my_first_package/src/light_switcher_pub.cpp:3[m[K:
[7.816s] [01m[K/usr/include/c++/9/bits/shared_ptr.h:714:5:[m[K [01;36m[Knote: [m[Kcandidate: â€˜[01m[Ktemplate<class _Tp, class ... _Args> std::shared_ptr<_Tp> std::make_shared(_Args&& ...)[m[Kâ€™
[7.816s]   714 |     [01;36m[Kmake_shared[m[K(_Args&&... __args)
[7.816s]       |     [01;36m[K^~~~~~~~~~~[m[K
[7.817s] [01m[K/usr/include/c++/9/bits/shared_ptr.h:714:5:[m[K [01;36m[Knote: [m[K  template argument deduction/substitution failed:
[7.817s] [01m[K/home/keyur/empm809y_cpp/Cpp_projects/ROS2learn/rosprac809_ws/src/my_first_package/src/light_switcher_pub.cpp:7:76:[m[K [01;31m[Kerror: [m[Ktemplate argument 1 is invalid
[7.817s]     7 |     auto node=std::make_shared<demo::LightSwitcherPub>("light_switcher_pub"[01;31m[K)[m[K;
[7.817s]       |                                                                            [01;31m[K^[m[K
[8.757s] make[2]: *** [CMakeFiles/light_switcher_pub.dir/build.make:63: CMakeFiles/light_switcher_pub.dir/src/light_switcher_pub.cpp.o] Error 1
[8.757s] make[1]: *** [CMakeFiles/Makefile2:80: CMakeFiles/light_switcher_pub.dir/all] Error 2
[8.758s] make[1]: *** Waiting for unfinished jobs....
[9.288s] [ 75%] [32m[1mLinking CXX executable hello[0m
[11.168s] [ 75%] Built target hello
[11.170s] make: *** [Makefile:141: all] Error 2
[11.177s] Invoked command in '/home/keyur/empm809y_cpp/Cpp_projects/ROS2learn/rosprac809_ws/build/my_first_package' returned '2': CMAKE_PREFIX_PATH=${CMAKE_PREFIX_PATH}:/opt/ros/galactic /usr/bin/cmake --build /home/keyur/empm809y_cpp/Cpp_projects/ROS2learn/rosprac809_ws/build/my_first_package -- -j8 -l8
