[35m[1mScanning dependencies of target camera_driver[0m
[ 50%] [32mBuilding CXX object CMakeFiles/camera_driver.dir/src/camera.cpp.o[0m
[01m[K/home/keyur/empm809y_cpp/Cpp_projects/ROS2learn/rosprac809_ws/src/automated_vehicle/src/camera.cpp:[m[K In member function â€˜[01m[Kvoid automated_vehicle::Camera::camera_pub_data_cb()[m[Kâ€™:
[01m[K/home/keyur/empm809y_cpp/Cpp_projects/ROS2learn/rosprac809_ws/src/automated_vehicle/src/camera.cpp:14:42:[m[K [01;31m[Kerror: [m[Kinvalid operands of types â€˜[01m[Kconst char [15][m[Kâ€™ and â€˜[01m[Kconst char [7][m[Kâ€™ to binary â€˜[01m[Koperator+[m[Kâ€™
   14 |   msg.header.frame_id = [32m[K"camera___frame"[m[K [01;31m[K+[m[K[34m[K"_frame"[m[K;
      |                         [32m[K~~~~~~~~~~~~~~~~[m[K [01;31m[K^[m[K[34m[K~~~~~~~~[m[K
      |                         [32m[K|[m[K                 [34m[K|[m[K
      |                         [32m[Kconst char [15][m[K   [34m[Kconst char [7][m[K
make[2]: *** [CMakeFiles/camera_driver.dir/build.make:63: CMakeFiles/camera_driver.dir/src/camera.cpp.o] Error 1
make[1]: *** [CMakeFiles/Makefile2:78: CMakeFiles/camera_driver.dir/all] Error 2
make: *** [Makefile:141: all] Error 2
