[0.294s] Invoking command in '/home/keyur/empm809y_cpp/Cpp_projects/ROS2learn/rosprac809_ws/build/automated_vehicle': CMAKE_PREFIX_PATH=${CMAKE_PREFIX_PATH}:/opt/ros/galactic /usr/bin/cmake --build /home/keyur/empm809y_cpp/Cpp_projects/ROS2learn/rosprac809_ws/build/automated_vehicle -- -j8 -l8
[0.348s] [35m[1mScanning dependencies of target camera_driver[0m
[0.400s] [ 50%] [32mBuilding CXX object CMakeFiles/camera_driver.dir/src/camera.cpp.o[0m
[2.893s] [01m[K/home/keyur/empm809y_cpp/Cpp_projects/ROS2learn/rosprac809_ws/src/automated_vehicle/src/camera.cpp:[m[K In member function â€˜[01m[Kvoid automated_vehicle::Camera::camera_pub_data_cb()[m[Kâ€™:
[2.894s] [01m[K/home/keyur/empm809y_cpp/Cpp_projects/ROS2learn/rosprac809_ws/src/automated_vehicle/src/camera.cpp:14:42:[m[K [01;31m[Kerror: [m[Kinvalid operands of types â€˜[01m[Kconst char [15][m[Kâ€™ and â€˜[01m[Kconst char [7][m[Kâ€™ to binary â€˜[01m[Koperator+[m[Kâ€™
[2.894s]    14 |   msg.header.frame_id = [32m[K"camera___frame"[m[K [01;31m[K+[m[K[34m[K"_frame"[m[K;
[2.894s]       |                         [32m[K~~~~~~~~~~~~~~~~[m[K [01;31m[K^[m[K[34m[K~~~~~~~~[m[K
[2.894s]       |                         [32m[K|[m[K                 [34m[K|[m[K
[2.894s]       |                         [32m[Kconst char [15][m[K   [34m[Kconst char [7][m[K
[4.119s] make[2]: *** [CMakeFiles/camera_driver.dir/build.make:63: CMakeFiles/camera_driver.dir/src/camera.cpp.o] Error 1
[4.120s] make[1]: *** [CMakeFiles/Makefile2:78: CMakeFiles/camera_driver.dir/all] Error 2
[4.120s] make: *** [Makefile:141: all] Error 2
[4.124s] Invoked command in '/home/keyur/empm809y_cpp/Cpp_projects/ROS2learn/rosprac809_ws/build/automated_vehicle' returned '2': CMAKE_PREFIX_PATH=${CMAKE_PREFIX_PATH}:/opt/ros/galactic /usr/bin/cmake --build /home/keyur/empm809y_cpp/Cpp_projects/ROS2learn/rosprac809_ws/build/automated_vehicle -- -j8 -l8
