[0.591s] Invoking command in '/home/keyur/empm809y_cpp/Cpp_projects/ROS2learn/rosprac809_ws/build/my_first_package': CMAKE_PREFIX_PATH=${CMAKE_PREFIX_PATH}:/opt/ros/galactic /usr/bin/cmake --build /home/keyur/empm809y_cpp/Cpp_projects/ROS2learn/rosprac809_ws/build/my_first_package -- -j8 -l8
[1.292s] -- Found ament_cmake: 1.1.6 (/opt/ros/galactic/share/ament_cmake/cmake)
[1.390s] -- Using PYTHON_EXECUTABLE: /usr/bin/python3
[1.997s] -- Found rclcpp: 9.2.2 (/opt/ros/galactic/share/rclcpp/cmake)
[2.346s] -- Using all available rosidl_typesupport_c: rosidl_typesupport_fastrtps_c;rosidl_typesupport_introspection_c
[2.418s] -- Found rosidl_adapter: 2.2.3 (/opt/ros/galactic/share/rosidl_adapter/cmake)
[3.246s] -- Using all available rosidl_typesupport_cpp: rosidl_typesupport_fastrtps_cpp;rosidl_typesupport_introspection_cpp
[3.468s] -- Found rmw_implementation_cmake: 3.3.1 (/opt/ros/galactic/share/rmw_implementation_cmake/cmake)
[3.490s] -- Found rmw_cyclonedds_cpp: 0.22.6 (/opt/ros/galactic/share/rmw_cyclonedds_cpp/cmake)
[3.554s] -- Using RMW implementation 'rmw_cyclonedds_cpp' as default
[4.099s] -- Found ament_lint_auto: 0.10.7 (/opt/ros/galactic/share/ament_lint_auto/cmake)
[4.451s] -- Added test 'copyright' to check source files copyright and LICENSE
[4.471s] -- Added test 'cppcheck' to perform static code analysis on C / C++ code
[4.474s] -- Configured cppcheck include dirs: /home/keyur/empm809y_cpp/Cpp_projects/ROS2learn/rosprac809_ws/src/my_first_package/include/my_first_package;/home/keyur/empm809y_cpp/Cpp_projects/ROS2learn/rosprac809_ws/src/my_first_package/include/light_switcher_pub;/home/keyur/empm809y_cpp/Cpp_projects/ROS2learn/rosprac809_ws/src/my_first_package/include/light_switcher_sub
[4.475s] -- Configured cppcheck exclude dirs and/or files: 
[4.479s] -- Added test 'cpplint' to check C / C++ code against the Google style
[4.479s] -- Configured cpplint exclude dirs and/or files: 
[4.504s] -- Added test 'lint_cmake' to check CMake code style
[4.514s] -- Added test 'uncrustify' to check C / C++ code style
[4.515s] -- Configured uncrustify additional arguments: 
[4.524s] -- Added test 'xmllint' to check XML markup files
[4.531s] -- Configuring done
[4.697s] -- Generating done
[4.701s] -- Build files have been written to: /home/keyur/empm809y_cpp/Cpp_projects/ROS2learn/rosprac809_ws/build/my_first_package
[4.747s] [35m[1mScanning dependencies of target light_switcher_sub[0m
[4.918s] [35m[1mScanning dependencies of target hello[0m
[4.988s] [ 16%] [32mBuilding CXX object CMakeFiles/hello.dir/src/my_first_package.cpp.o[0m
[5.033s] [ 33%] [32mBuilding CXX object CMakeFiles/light_switcher_sub.dir/src/light_switcher_sub.cpp.o[0m
[5.042s] [35m[1mScanning dependencies of target light_switcher_pub[0m
[5.164s] [ 50%] [32mBuilding CXX object CMakeFiles/light_switcher_pub.dir/src/light_switcher_pub.cpp.o[0m
[10.296s] In file included from [01m[K/home/keyur/empm809y_cpp/Cpp_projects/ROS2learn/rosprac809_ws/src/my_first_package/src/light_switcher_sub.cpp:1[m[K:
[10.296s] [01m[K/home/keyur/empm809y_cpp/Cpp_projects/ROS2learn/rosprac809_ws/src/my_first_package/include/my_first_package/light_switcher_sub.h:[m[K In constructor â€˜[01m[Kdemo::LightSwitcherSub::LightSwitcherSub(std::string)[m[Kâ€™:
[10.296s] [01m[K/home/keyur/empm809y_cpp/Cpp_projects/ROS2learn/rosprac809_ws/src/my_first_package/include/my_first_package/light_switcher_sub.h:13:89:[m[K [01;31m[Kerror: [m[Kno matching function for call to â€˜[01m[Kdemo::LightSwitcherSub::create_subscription<std_msgs::msg::Bool>(const char [13], int)[m[Kâ€™
[10.296s]    13 | s->create_subscription<std_msgs::msg::Bool>("light_status",10[01;31m[K)[m[K;
[10.297s]       |                                                              [01;31m[K^[m[K
[10.297s] 
[10.297s] In file included from [01m[K/opt/ros/galactic/include/rclcpp/executors/single_threaded_executor.hpp:28[m[K,
[10.297s]                  from [01m[K/opt/ros/galactic/include/rclcpp/executors.hpp:22[m[K,
[10.297s]                  from [01m[K/opt/ros/galactic/include/rclcpp/rclcpp.hpp:156[m[K,
[10.298s]                  from [01m[K/home/keyur/empm809y_cpp/Cpp_projects/ROS2learn/rosprac809_ws/src/my_first_package/include/my_first_package/light_switcher_sub.h:2[m[K,
[10.298s]                  from [01m[K/home/keyur/empm809y_cpp/Cpp_projects/ROS2learn/rosprac809_ws/src/my_first_package/src/light_switcher_sub.cpp:1[m[K:
[10.299s] [01m[K/opt/ros/galactic/include/rclcpp/node.hpp:229:3:[m[K [01;36m[Knote: [m[Kcandidate: â€˜[01m[Ktemplate<class MessageT, class CallbackT, class AllocatorT, class CallbackMessageT, class SubscriptionT, class MessageMemoryStrategyT> std::shared_ptr<SubscriptionT> rclcpp::Node::create_subscription(const string&, const rclcpp::QoS&, CallbackT&&, const rclcpp::SubscriptionOptionsWithAllocator<AllocatorT>&, typename MessageMemoryStrategyT::SharedPtr)[m[Kâ€™
[10.299s]   229 |   [01;36m[Kcreate_subscription[m[K(
[10.299s]       |   [01;36m[K^~~~~~~~~~~~~~~~~~~[m[K
[10.299s] [01m[K/opt/ros/galactic/include/rclcpp/node.hpp:229:3:[m[K [01;36m[Knote: [m[K  template argument deduction/substitution failed:
[10.299s] In file included from [01m[K/home/keyur/empm809y_cpp/Cpp_projects/ROS2learn/rosprac809_ws/src/my_first_package/src/light_switcher_sub.cpp:1[m[K:
[10.300s] [01m[K/home/keyur/empm809y_cpp/Cpp_projects/ROS2learn/rosprac809_ws/src/my_first_package/include/my_first_package/light_switcher_sub.h:13:89:[m[K [01;36m[Knote: [m[K  candidate expects 5 arguments, 2 provided
[10.300s]    13 | s->create_subscription<std_msgs::msg::Bool>("light_status",10[01;36m[K)[m[K;
[10.300s]       |                                                              [01;36m[K^[m[K
[10.301s] 
[10.568s] [01m[K/home/keyur/empm809y_cpp/Cpp_projects/ROS2learn/rosprac809_ws/src/my_first_package/src/light_switcher_sub.cpp:[m[K At global scope:
[10.568s] [01m[K/home/keyur/empm809y_cpp/Cpp_projects/ROS2learn/rosprac809_ws/src/my_first_package/src/light_switcher_sub.cpp:4:6:[m[K [01;31m[Kerror: [m[Kno declaration matches â€˜[01m[Kvoid demo::LightSwitcherSub::light_status_sub_cb(std_msgs::msg::Bool_<std::allocator<void> >::SharedPtr)[m[Kâ€™
[10.568s]     4 | void [01;31m[Kdemo[m[K::LightSwitcherSub::light_status_sub_cb(const std_msgs::msg::Bool::SharedPtr msg){
[10.568s]       |      [01;31m[K^~~~[m[K
[10.568s] [01m[K/home/keyur/empm809y_cpp/Cpp_projects/ROS2learn/rosprac809_ws/src/my_first_package/src/light_switcher_sub.cpp:4:6:[m[K [01;36m[Knote: [m[Kno functions named â€˜[01m[Kvoid demo::LightSwitcherSub::light_status_sub_cb(std_msgs::msg::Bool_<std::allocator<void> >::SharedPtr)[m[Kâ€™
[10.569s] In file included from [01m[K/home/keyur/empm809y_cpp/Cpp_projects/ROS2learn/rosprac809_ws/src/my_first_package/src/light_switcher_sub.cpp:1[m[K:
[10.569s] [01m[K/home/keyur/empm809y_cpp/Cpp_projects/ROS2learn/rosprac809_ws/src/my_first_package/include/my_first_package/light_switcher_sub.h:8:11:[m[K [01;36m[Knote: [m[Kâ€˜[01m[Kclass demo::LightSwitcherSub[m[Kâ€™ defined here
[10.569s]     8 |     class [01;36m[KLightSwitcherSub[m[K : public rclcpp::Node{
[10.569s]       |           [01;36m[K^~~~~~~~~~~~~~~~[m[K
[10.574s] [01m[K/home/keyur/empm809y_cpp/Cpp_projects/ROS2learn/rosprac809_ws/src/my_first_package/src/light_switcher_sub.cpp:[m[K In function â€˜[01m[Kint main(int, char**)[m[Kâ€™:
[10.574s] [01m[K/home/keyur/empm809y_cpp/Cpp_projects/ROS2learn/rosprac809_ws/src/my_first_package/src/light_switcher_sub.cpp:12:5:[m[K [01;35m[Kwarning: [m[Klabel â€˜[01m[Krclcpp[m[Kâ€™ defined but not used [[01;35m[K-Wunused-label[m[K]
[10.574s]    12 |     [01;35m[Krclcpp[m[K:spin(node);
[10.574s]       |     [01;35m[K^~~~~~[m[K
[11.296s] make[2]: *** [CMakeFiles/light_switcher_sub.dir/build.make:63: CMakeFiles/light_switcher_sub.dir/src/light_switcher_sub.cpp.o] Error 1
[11.296s] make[1]: *** [CMakeFiles/Makefile2:82: CMakeFiles/light_switcher_sub.dir/all] Error 2
[11.297s] make[1]: *** Waiting for unfinished jobs....
[11.882s] [ 66%] [32m[1mLinking CXX executable hello[0m
[13.642s] [ 83%] [32m[1mLinking CXX executable light_switcher_pub[0m
[15.891s] [ 83%] Built target hello
[15.979s] [ 83%] Built target light_switcher_pub
[15.981s] make: *** [Makefile:141: all] Error 2
[15.986s] Invoked command in '/home/keyur/empm809y_cpp/Cpp_projects/ROS2learn/rosprac809_ws/build/my_first_package' returned '2': CMAKE_PREFIX_PATH=${CMAKE_PREFIX_PATH}:/opt/ros/galactic /usr/bin/cmake --build /home/keyur/empm809y_cpp/Cpp_projects/ROS2learn/rosprac809_ws/build/my_first_package -- -j8 -l8
